<?xml version="1.0" encoding="UTF-8"?>
<!-- Generated by org.testng.reporters.JUnitReportReporter -->
<testsuite hostname="MBP-C02DRR20MD6M" failures="0" tests="1" name="com.lambdatest.TestNGTodo2" time="9.802" errors="0" timestamp="22 Oct 2021 09:31:59 GMT" skipped="0">
  <testcase classname="com.lambdatest.TestNGTodo2" name="basicTest" time="9.802"/>
</testsuite> <!-- com.lambdatest.TestNGTodo2 -->
